<?xml version="1.0" encoding="UTF-8"?>
<!-- Generated by org.testng.reporters.JUnitReportReporter -->
<testsuite hostname="DESKTOP-HOF3APB" failures="0" tests="3" name="test.LoginTest" time="14.519" errors="0" timestamp="2024-08-17T12:59:17 CDT" skipped="0">
  <testcase classname="test.LoginTest" name="validateAlertMessages" time="2.838"/>
  <system-out/>
  <testcase classname="test.LoginTest" name="testSmoke" time="0.009"/>
  <system-out/>
  <testcase classname="test.LoginTest" name="userShouldBeAbleToLogin" time="11.672"/>
  <system-out/>
</testsuite> <!-- test.LoginTest -->
