<?xml version="1.0" encoding="UTF-8"?>
<!-- Generated by org.testng.reporters.JUnitReportReporter -->
<testsuite hostname="DESKTOP-HOF3APB" failures="0" tests="1" name="test.AddCustomerTest" time="53.477" errors="0" timestamp="2024-08-17T11:51:11 CDT" skipped="0">
  <testcase classname="test.AddCustomerTest" name="userShouldBeAbleToAddCustomer" time="53.477"/>
  <system-out/>
</testsuite> <!-- test.AddCustomerTest -->
