<?xml version="1.0" encoding="UTF-8"?>
<!-- Generated by org.testng.reporters.JUnitReportReporter -->
<testsuite hostname="DESKTOP-HOF3APB" failures="0" tests="2" name="test.AddCustomerTest" time="56.995" errors="0" timestamp="2024-08-17T13:08:53 CDT" skipped="0">
  <testcase classname="test.AddCustomerTest" name="userShouldBeAbleToAddCustomer" time="56.993"/>
  <system-out/>
  <testcase classname="test.AddCustomerTest" name="testRegression" time="0.002"/>
  <system-out/>
</testsuite> <!-- test.AddCustomerTest -->
